Arguments: 
  /opt/homebrew/Cellar/node/17.9.0/bin/node /opt/homebrew/Cellar/yarn/1.22.18/libexec/bin/yarn.js build

PATH: 
  /Users/para0/bin:/opt/homebrew/bin:/usr/local/bin:/usr/bin:/bin:/usr/sbin:/sbin:/Users/para0/.foundry/bin

Yarn version: 
  1.22.18

Node version: 
  17.9.0

Platform: 
  darwin arm64

Trace: 
  SyntaxError: /Users/para0/Desktop/projects/forge-template/package.json: Unexpected string in JSON at position 796
      at JSON.parse (<anonymous>)
      at /opt/homebrew/Cellar/yarn/1.22.18/libexec/lib/cli.js:1625:59
      at Generator.next (<anonymous>)
      at step (/opt/homebrew/Cellar/yarn/1.22.18/libexec/lib/cli.js:310:30)
      at /opt/homebrew/Cellar/yarn/1.22.18/libexec/lib/cli.js:321:13

npm manifest: 
  {
    "name": "forge-template",
    "author": "FrankieIsLost",
    "version": "1.0.0",
    "description": "A forge template",
    "homepage": "https://github.com/FrankieIsLost/forge-template#readme",
    "repository": {
      "type": "git",
      "url": "git+https://github.com/FrankieIsLost/forge-template.git"
    },
    "scripts": {
      "build": "./shell/full_install.sh",
      "prettier": "prettier --write 'src/**/*.sol'",
      "prettier:list": "prettier --list-different 'src/**/*.sol'",
      "prettier:check": "prettier --check 'src/**/*.sol'",
      "solhint": "solhint --config ./.solhint.json 'src/**/*.sol' --fix",
      "solhint:check": "solhint --config ./.solhint.json 'src/**/*.sol'",
      "lint": "npm run prettier && npm run solhint",
      "lint:check": "npm run prettier:check && npm run solhint:check"
      "test": "forge test",
      "test:f": "./shell/fork_test.sh"   
    },
    "devDependencies": {
      "prettier": "^2.5.1",
      "prettier-plugin-solidity": "^1.0.0-beta.19",
      "solhint": "^3.3.6"
    }
  }

yarn manifest: 
  No manifest

Lockfile: 
  No lockfile
